[www.cdhat.fr/index.html]
[static.wixstatic.com/media/cdef5f_9e54163e1e404c509e4ac69d7b561098_mv2_d_2/v1/fill/w_192,h_192,lg_1,usm_0.66_1.00_0.01/cdef5f_9e54163e1e404c509e4ac69d7b561098_mv2_d_2012_1674_s_2.png]
[static.wixstatic.com/media/cdef5f_9e54163e1e404c509e4ac69d7b561098_mv2_d_2/v1/fill/w_32,h_32,lg_1,usm_0.66_1.00_0.01/cdef5f_9e54163e1e404c509e4ac69d7b561098_mv2_d_2012_1674_s_2.png]
[static.wixstatic.com/media/cdef5f_9e54163e1e404c509e4ac69d7b561098_mv2_d_2/v1/fill/w_180,h_180,lg_1,usm_0.66_1.00_0.01/cdef5f_9e54163e1e404c509e4ac69d7b561098_mv2_d_2012_1674_s_2.png]
[static.parastorage.com/services/wix-thunderbolt/dist/originTrials.41d7301a.bundle.min.js]
[static.parastorage.com/unpkg/core-js-bundle@3.2.1/minified.js]
[static.parastorage.com/unpkg/focus-within-polyfill@5.0.9/dist/focus-within-polyfill.js]
[backblue.gif]
[fade.gif]
[index.html]
[polyfill.io/v3/polyfill.mind82c.js]
[static.wixstatic.com/media/cdef5f_2fa9fc9226ee44919bb7b15aacea4c39_mv2_d_5368_2309_s_2.png/v1/fill/w_218,h_89,al_c,q_85,usm_0.66_1.00_0.01,enc_auto/CDHAT_logo_Pantone_HD.png]
[static.wixstatic.com/media/cdef5f_c906bf81b10d4172a7b698ec2608794b_mv2.png/v1/fill/w_94,h_34,al_c,q_85,usm_0.66_1.00_0.01,enc_auto/Logo_Hateo_mem_Color.png]
[www.cdhat.fr/presentation.html]
[www.cdhat.fr/collectivites.html]
[www.cdhat.fr/politiques-habitat.html]
[www.cdhat.fr/operations-amelioration-habitat.html]
[www.cdhat.fr/renouvellement-urbain.html]
[www.cdhat.fr/logements-et-equipements-communaux.html]
[www.cdhat.fr/actions-sociales.html]
[www.cdhat.fr/communication-concertation.html]
[www.cdhat.fr/particuliers.html]
[www.cdhat.fr/coproprietes.html]
[www.cdhat.fr/expertises-techniques.html]
[www.cdhat.fr/operations-normandie.html]
[www.cdhat.fr/operations-bretagne.html]
[www.cdhat.fr/references-etudes-opah.html]
[www.cdhat.fr/references-animation-opah-pig.html]
[www.cdhat.fr/references-plh-etude-habitat.html]
[www.cdhat.fr/references-logements-batiments-communaux.html]
[www.cdhat.fr/references-coproprietes.html]
[www.cdhat.fr/references-actions-sociales.html]
[static.wixstatic.com/media/cdef5f_fe8130e4ab3542e7afaeec2f835cd6ef_mv2.jpg/v1/fill/w_134,h_86,al_c,q_80,usm_0.66_1.00_0.01,blur_2,enc_auto/cdef5f_fe8130e4ab3542e7afaeec2f835cd6ef_mv2.jpg]
[static.wixstatic.com/media/cdef5f_a007dbb4de034cdf9399d3994a458122_mv2.png/v1/fill/w_105,h_21,al_c,q_85,usm_0.66_1.00_0.01,blur_2,enc_auto/FR_avec_cdhat.png]
[static.wixstatic.com/media/aee88b_3c5d9aabb51c43399a11a745fecc4c0e_mv2.jpg/v1/fill/w_76,h_50,al_c,q_80,usm_0.66_1.00_0.01,blur_2,enc_auto/aee88b_3c5d9aabb51c43399a11a745fecc4c0e_mv2.jpg]
[static.wixstatic.com/media/cdef5f_c40c61b988a04969bbdd5c4d6540ccfc_mv2.jpg/v1/fill/w_68,h_46,al_c,q_80,usm_0.66_1.00_0.01,blur_2,enc_auto/cdef5f_c40c61b988a04969bbdd5c4d6540ccfc_mv2.jpg]
[static.wixstatic.com/media/aee88b_66df6f2a6a5e4649aa750e26b082dd8c_mv2.jpg/v1/fill/w_68,h_38,al_c,q_80,usm_0.66_1.00_0.01,blur_2,enc_auto/aee88b_66df6f2a6a5e4649aa750e26b082dd8c_mv2.jpg]
[static.wixstatic.com/media/aee88b_64f12c3e32ab4191a40ca274c5e21a66_mv2.jpg/v1/fill/w_68,h_90,al_c,q_80,usm_0.66_1.00_0.01,blur_2,enc_auto/aee88b_64f12c3e32ab4191a40ca274c5e21a66_mv2.jpg]
[static.wixstatic.com/media/cdef5f_f6bcc2ba6edb488dacf2566d9934d270_mv2.jpg/v1/fill/w_80,h_60,al_c,q_80,usm_0.66_1.00_0.01,blur_2,enc_auto/cdef5f_f6bcc2ba6edb488dacf2566d9934d270_mv2.jpg]
[static.wixstatic.com/media/cdef5f_28d46f8409ec48e3b53a05f0d837776f_mv2.jpg/v1/fill/w_131,h_112,al_c,q_80,usm_0.66_1.00_0.01,blur_3,enc_auto/ANAH.jpg]
[static.wixstatic.com/media/cdef5f_17bb968994ae4e47b1cbb5e93f689c99_mv2.jpg/v1/crop/x_0,y_0,w_4124,h_3067/fill/w_164,h_122,al_c,q_80,usm_0.66_1.00_0.01,blur_3/MIN_Transtion_Ecologique_RVB.23.delaye]
[www.cdhat.fr/partenariats-normandie.html]
[static.wixstatic.com/media/cdef5f_320a905f846446109f10f3caf0d92184_mv2.jpg/v1/fill/w_91,h_22,al_c,q_80,usm_0.66_1.00_0.01,blur_2,enc_auto/FR_avec_cdhat.jpg]
[www.cdhat.fr/partenariats-bretagne.html]
[www.cdhat.fr/mentions-legales.html]
[www.cdhat.fr/politique-confidentialite.html]
[www.cdhat.fr/contact.html]
[static.wixstatic.com/media/cdef5f_185a2cddb323480ab559bb1415ec3abc_mv2.png/v1/fill/w_125,h_45,al_c,q_85,usm_0.66_1.00_0.01,blur_3,enc_auto/CDHAT_logo_CMJN.png]
[browser.sentry-cdn.com/6.18.2/bundle.min.js]
[www.cdhat.fr/sitemap.xml]
[www.cdhat.fr/feed.2e.delayed]
[www.cdhat.fr/${n.2f.delayed]
[static.parastorage.com/services/wix-thunderbolt/dist/thunderbolt-commons.eb770ee8.bundle.min.js]
[static.parastorage.com/services/wix-thunderbolt/dist/main.578f27a3.bundle.min.js]
[static.parastorage.com/unpkg/lodash@4.17.21/lodash.min.js]
[static.parastorage.com/unpkg/react@18.2.0/umd/react.production.min.js]
[static.parastorage.com/unpkg/react-dom@18.2.0/umd/react-dom.production.min.js]
[www.cdhat.fr/decodeURIComponent(e.35.delayed]
[static.parastorage.com/services/tag-manager-client/1.827.0/siteTags.bundle.min.js]
[static.parastorage.com/services/wix-perf-measure/1.1095.0/wix-perf-measure.umd.min.js]
[www.cdhat.fr/index.html]
[static.wixstatic.com/media/cdef5f_83703eff5d374c9e82a9686567468371_mv2_d_2048_1536_s_2.jpg/v1/crop/x_476,y_0,w_1319,h_1532/fill/w_349,h_406,al_c,q_80,usm_0.66_1.00_0.01,enc_auto/Env_Vire3_JPG.jpg]
[static.wixstatic.com/media/cdef5f_3d3ec429b14a42c98d180e6204262765_mv2.jpg/v1/crop/x_6,y_0,w_448,h_234/fill/w_112,h_59,al_c,q_80,usm_0.66_1.00_0.01,blur_2,enc_auto/gouvernance.jpg]
[static.wixstatic.com/media/cdef5f_6f72c9f133584c8da44e579ab965be65_mv2.jpg/v1/fill/w_77,h_55,al_c,q_80,usm_0.66_1.00_0.01,blur_2,enc_auto/equipe.jpg]
[static.wixstatic.com/media/cdef5f_7a548c98671f4b4c97029972217a9bbc_mv2.jpg/v1/crop/x_1,y_0,w_2490,h_1478/fill/w_123,h_73,al_c,q_80,usm_0.66_1.00_0.01,blur_2,enc_auto/carte_agences_vert.jpg]
[static.wixstatic.com/media/cdef5f_8b1ca4ab59cd40d1826be315abc7bc23_mv2.jpg/v1/fill/w_144,h_204,al_c,q_80,usm_0.66_1.00_0.01,blur_3,enc_auto/couv_Guide _habitat_2023.jpg]
[www.cdhat.fr/_files/ugd/Plaq_Amgt_def.pdf_; filename_=UTF-8''Plaq_Amgt_def.pdf]
[www.cdhat.fr/_files/ugd/Guide%20Habitat%20CDHAT%20Bretagne%202022.pdf_; filename_=UTF-8''Guide%20Habitat%20CDHAT%20Bretagne%202022.pdf]
[static.wixstatic.com/media/cdef5f_2f161c3fd58f450ea067720c3c1a0cb7_mv2.jpg/v1/fill/w_144,h_204,al_c,q_80,usm_0.66_1.00_0.01,blur_3,enc_auto/couv_Guide-_habitat_2022_web.jpg]
[www.cdhat.fr/_files/ugd/GroupeCDHAT_juin23.pdf_; filename_=UTF-8''GroupeCDHAT_juin23.pdf]
[static.wixstatic.com/media/cdef5f_6fd16a1fe2ce4379aab671e6f2237e94_mv2.jpg/v1/fill/w_144,h_204,al_c,q_80,usm_0.66_1.00_0.01,blur_3,enc_auto/GroupeCDHAT_web.jpg]
[www.cdhat.fr/_files/ugd/CDHAT_Habitat_web.pdf_; filename_=UTF-8''CDHAT_Habitat_web.pdf]
[static.wixstatic.com/media/cdef5f_b1c01ab79a9d41debb658d3c01d16e8a_mv2.jpg/v1/fill/w_144,h_204,al_c,q_80,usm_0.66_1.00_0.01,blur_3,enc_auto/CDHAT_Habitat.jpg]
[www.cdhat.fr/_files/ugd/RA_2022_2023_web.pdf_; filename_=UTF-8''RA_2022_2023_web.pdf]
[static.wixstatic.com/media/cdef5f_fcfcc6bf97df473e9a8f16f75857f0c4_mv2.jpg/v1/crop/x_0,y_2,w_1240,h_1750/fill/w_142,h_200,al_c,q_80,usm_0.66_1.00_0.01,blur_3,enc_auto/RA_2022_2023.jpg]
[www.cdhat.fr/_files/ugd/Plaq_NewElus_web.pdf_; filename_=UTF-8''Plaq_NewElus_web.pdf]
[static.wixstatic.com/media/cdef5f_40afbc97066547c895178123c7e06c0f_mv2.jpg/v1/fill/w_144,h_204,al_c,q_80,usm_0.66_1.00_0.01,blur_3,enc_auto/une_Plaq_NewElus_web.jpg]
[static.wixstatic.com/media/cdef5f_b427a504ff2d4d869968066a025b61bb_mv2.jpg/v1/fill/w_143,h_204,al_c,q_80,usm_0.66_1.00_0.01,blur_3,enc_auto/Couv_Plaq_RevitalCV_JPG.jpg]
[static.wixstatic.com/media/cdef5f_1a7337e87c954af2b2c8bf355bfbe4ec_mv2_d_5000_2076_s_2.jpg/v1/fill/w_63,h_26,al_c,q_80,usm_0.66_1.00_0.01,blur_2,enc_auto/Logo_Hateo_Mem_Color.jpg]
[www.cdhat.fr/presentation.html]
[static.wixstatic.com/media/aee88b_eb6d43d0f13f4cf79eb42e5ba8ad5b78_mv2.jpg/v1/crop/x_0,y_145,w_500,h_85,q_80,blur_1,enc_auto/aee88b_eb6d43d0f13f4cf79eb42e5ba8ad5b78_mv2.jpg]
[static.wixstatic.com/media/aee88b_785b115103674b198324910026634483_mv2.jpg/v1/crop/x_0,y_145,w_500,h_84,q_80,blur_1,enc_auto/aee88b_785b115103674b198324910026634483_mv2.jpg]
[static.wixstatic.com/media/aee88b_07d7d5f6c4e24020926f919079d4b713_mv2.jpg/v1/crop/x_0,y_126,w_500,h_83,q_80,blur_1,enc_auto/aee88b_07d7d5f6c4e24020926f919079d4b713_mv2.jpg]
[static.wixstatic.com/media/aee88b_173ca09501fe45459dce33919aff51ec_mv2.jpg/v1/crop/x_0,y_146,w_500,h_83,q_80,blur_1,enc_auto/aee88b_173ca09501fe45459dce33919aff51ec_mv2.jpg]
[static.wixstatic.com/media/aee88b_2eb16f57ab6a48f6a27bb2037fce75f0_mv2.jpg/v1/crop/x_0,y_147,w_500,h_80,q_80,blur_1,enc_auto/aee88b_2eb16f57ab6a48f6a27bb2037fce75f0_mv2.jpg]
[static.wixstatic.com/media/aee88b_b4801866d195494f840a60758f514255_mv2.jpg/v1/crop/x_0,y_127,w_500,h_80,q_80,blur_1,enc_auto/aee88b_b4801866d195494f840a60758f514255_mv2.jpg]
[www.cdhat.fr/collectivites.html]
[static.wixstatic.com/media/cdef5f_c81028d7136d40d7a701fb647fb4e248_mv2.jpg/v1/crop/x_0,y_42,w_1721,h_870/fill/w_327,h_165,al_c,q_80,usm_0.66_1.00_0.01,enc_auto/Domfront_juin19_13_JPG.jpg]
[static.wixstatic.com/media/aee88b_92d99664695d44899d2f32e7215c1597_mv2.jpg/v1/crop/x_2,y_0,w_395,h_267/fill/w_327,h_221,al_c,q_80,usm_0.66_1.00_0.01,enc_auto/Politique_habitat_2.jpg]
[static.wixstatic.com/media/cdef5f_c52e688cd30a4e16bc68c29e7dac5194_mv2.jpg/v1/crop/x_162,y_0,w_878,h_627/fill/w_336,h_240,al_c,q_80,usm_0.66_1.00_0.01,enc_auto/Sand_F3_6.jpg]
[static.wixstatic.com/media/cdef5f_e970db38ac6840198be1edc03d55eedd_mv2.jpg/v1/fill/w_77,h_95,al_c,q_80,usm_0.66_1.00_0.01,blur_2,enc_auto/JH_Montfort.jpg]
[static.wixstatic.com/media/cdef5f_1f7e3c3cde4d4d189084e060e711abef_mv2.jpg/v1/fill/w_77,h_95,al_c,q_80,usm_0.66_1.00_0.01,blur_2,enc_auto/Etude_Roi_Morvan.jpg]
[static.wixstatic.com/media/cdef5f_05baec9ff40d4a35bbd196ef4f6735e5_mv2.jpg/v1/fill/w_77,h_95,al_c,q_80,usm_0.66_1.00_0.01,blur_2,enc_auto/OPAH_COCM.jpg]
[static.wixstatic.com/media/aee88b_4afbed8d7ca84fa38f1f008f161d15b6_mv2.jpg/v1/fill/w_77,h_95,al_c,q_80,usm_0.66_1.00_0.01,blur_2,enc_auto/JH_Dozule.jpg]
[static.wixstatic.com/media/cdef5f_9b1615b4c4a64eb69c66b6b2a1b354cf_mv2.jpg/v1/fill/w_77,h_95,al_c,q_80,usm_0.66_1.00_0.01,blur_2,enc_auto/Cote_Emeraude.jpg]
[static.wixstatic.com/media/cdef5f_85f1e07c5d8a4b0aa19f72d1c8c76e5b_mv2.jpg/v1/fill/w_77,h_95,al_c,q_80,usm_0.66_1.00_0.01,blur_2,enc_auto/Etude_lamballe.jpg]
[static.wixstatic.com/media/cdef5f_e111639060324cb38928fe7c6e6585b7_mv2.jpg/v1/fill/w_77,h_95,al_c,q_80,usm_0.66_1.00_0.01,blur_2,enc_auto/OPAH_Hennebont.jpg]
[static.wixstatic.com/media/cdef5f_cf3b254a8afe4356a9adbd39337fb32f_mv2.jpg/v1/fill/w_77,h_95,al_c,q_80,usm_0.66_1.00_0.01,blur_2,enc_auto/JH_Saint_Meen_Montauban.jpg]
[static.wixstatic.com/media/cdef5f_8c74040c250e4f22a4ea03f8a04e4663_mv2.jpg/v1/fill/w_77,h_95,al_c,q_80,usm_0.66_1.00_0.01,blur_2,enc_auto/Etude_Baud_Cte.jpg]
[static.wixstatic.com/media/cdef5f_0bce6555ccc2463ca8e457a15ff10142_mv2.jpg/v1/fill/w_77,h_95,al_c,q_80,usm_0.66_1.00_0.01,blur_2,enc_auto/OPAH_Terres_Argentan.jpg]
[www.cdhat.fr/politiques-habitat.html]
[static.wixstatic.com/media/aee88b_785b115103674b198324910026634483_mv2.jpg/v1/crop/x_79,y_0,w_342,h_375/fill/w_367,h_402,al_c,lg_1,q_80,enc_auto/Operation_amelioration_habitat.jpg]
[static.wixstatic.com/media/aee88b_92de8575f6124173accdea2d8792ef21_mv2.jpg/v1/crop/x_39,y_0,w_446,h_500/fill/w_359,h_402,al_c,q_80,usm_0.66_1.00_0.01,enc_auto/DSC_3778.jpg]
[www.cdhat.fr/operations-amelioration-habitat.html]
[www.cdhat.fr/media/emptystate.85a4add5.5f.delayed]
[static.wixstatic.com/media/cdef5f_8c71c2e13e354212b62a3a417ee5ace1_mv2_d_2048_1536_s_2.jpg/v1/fill/w_150,h_149,q_90/cdef5f_8c71c2e13e354212b62a3a417ee5ace1_mv2_d_2048_1536_s_2.jpg]
[static.wixstatic.com/media/cdef5f_ab889d11f55d4044b7f61406c1f21a33_mv2_d_2081_1457_s_2.jpg/v1/fill/w_149,h_149,q_90/cdef5f_ab889d11f55d4044b7f61406c1f21a33_mv2_d_2081_1457_s_2.jpg]
[static.wixstatic.com/media/cdef5f_8c70ee3077cd42fdbfee4b9197a729dc_mv2.jpg/v1/fill/w_150,h_149,q_90/cdef5f_8c70ee3077cd42fdbfee4b9197a729dc_mv2.jpg]
[static.wixstatic.com/media/cdef5f_514d983e20074f17ba117d78b143a8ea_mv2.jpg/v1/fill/w_149,h_149,q_90/cdef5f_514d983e20074f17ba117d78b143a8ea_mv2.jpg]
[static.wixstatic.com/media/cdef5f_f03511045ef944e59c8c492faed718b0_mv2_d_2048_1536_s_2.jpg/v1/fill/w_150,h_149,fp_0.44_0.32,q_90/cdef5f_f03511045ef944e59c8c492faed718b0_mv2_d_2048_1536_s_2.jpg]
[static.wixstatic.com/media/cdef5f_d3ca36cdd680485ba89a1e480916790f_mv2.jpg/v1/fill/w_149,h_149,q_90/cdef5f_d3ca36cdd680485ba89a1e480916790f_mv2.jpg]
[static.wixstatic.com/media/cdef5f_360c795ebc1e4b04b983720b22e29c42_mv2_d_2048_1536_s_2.jpg/v1/fill/w_150,h_149,q_90/cdef5f_360c795ebc1e4b04b983720b22e29c42_mv2_d_2048_1536_s_2.jpg]
[static.wixstatic.com/media/aee88b_e94494c5c0b84ff1941a686a086ca118_mv2.jpg/v1/fill/w_149,h_149,q_90/aee88b_e94494c5c0b84ff1941a686a086ca118_mv2.jpg]
[static.wixstatic.com/media/cdef5f_57469ba4531349398464b397ce2dd4ff_mv2.png/v1/fill/w_123,h_120,al_c,q_85,usm_0.66_1.00_0.01,blur_3,enc_auto/action-coeur-de-ville.png]
[static.wixstatic.com/media/cdef5f_2fa9fc9226ee44919bb7b15aacea4c39_mv2_d_5368_2309_s_2.png/v1/fill/w_195,h_84,al_c,q_85,usm_0.66_1.00_0.01,blur_3,enc_auto/CDHAT_logo_Pantone_HD.png]
[static.wixstatic.com/media/cdef5f_bea7ab6b29ca422dba4decdd1337d1ab_mv2_d_4959_3175_s_4_2.png/v1/fill/w_137,h_88,al_c,q_85,usm_0.66_1.00_0.01,blur_3,enc_auto/PLANIS_logo_RVB_HD.png]
[static.wixstatic.com/media/cdef5f_624348102dd54fa49479acfd02f0dafc_mv2_d_3472_4000_s_4_2.png/v1/fill/w_83,h_96,al_c,q_85,usm_0.66_1.00_0.01,blur_3,enc_auto/Logo_Prytech_2016.png]
[static.wixstatic.com/media/cdef5f_fa085c0a364b43c7b6cd46d894672cdc_mv2.png/v1/fill/w_137,h_64,al_c,q_85,usm_0.66_1.00_0.01,blur_3,enc_auto/logo_terre_et_via.png]
[www.cdhat.fr/renouvellement-urbain.html]
[static.wixstatic.com/media/cdef5f_effab065c7284c15815b293bdb8ebdb2_mv2.jpg/v1/crop/x_0,y_0,w_328,h_281/fill/w_374,h_320,al_c,lg_1,q_80,enc_auto/projets_communaux.jpg]
[static.wixstatic.com/media/cdef5f_fb3660a28dcf43ba9540404071b23dc0_mv2_d_3/v1/crop/x_213,y_0,w_2838,h_1836/fill/w_82,h_53,al_c,q_80,usm_0.66_1.00_0.01,blur_2,e/20190626_105215.jpg]
[www.cdhat.fr/logements-et-equipements-communaux.html]
[static.wixstatic.com/media/aee88b_26168e243a9a4c8481b154874905a568_mv2.jpg/v1/crop/x_223,y_0,w_383,h_500/fill/w_329,h_430,al_c,q_80,usm_0.66_1.00_0.01,enc_auto/DSC_0129.jpg]
[static.wixstatic.com/media/aee88b_e84293733bd34936b274c05c2de15dad_mv2.jpg/v1/crop/x_43,y_0,w_314,h_300/fill/w_88,h_84,al_c,q_80,usm_0.66_1.00_0.01,blur_2,enc_auto/RIMG1228.jpg]
[www.cdhat.fr/actions-sociales.html]
[static.wixstatic.com/media/aee88b_1bb9165ec0d74833b65857d85c2e3284_mv2.jpg/v1/crop/x_3,y_0,w_549,h_400/fill/w_332,h_242,al_c,q_80,usm_0.66_1.00_0.01,enc_auto/DSC_0054.jpg]
[static.wixstatic.com/media/aee88b_99820dac43484452a27b72139ff65298_mv2.jpg/v1/crop/x_82,y_0,w_585,h_500/fill/w_331,h_283,al_c,q_80,usm_0.66_1.00_0.01,enc_auto/DSC_0079.jpg]
[static.wixstatic.com/media/aee88b_6583f3d4ed914d1d875679f5724961e6_mv2.jpg/v1/crop/x_139,y_0,w_388,h_500/fill/w_82,h_106,al_c,q_80,usm_0.66_1.00_0.01,blur_2,enc_auto/Com_Cam13.jpg]
[static.wixstatic.com/media/aee88b_eef152764260409997efa1240be85983_mv2.jpg/v1/fill/w_150,h_100,al_c,q_80,usm_0.66_1.00_0.01,blur_3,enc_auto/DSC_0003.jpg]
[static.wixstatic.com/media/aee88b_f3f7d1f7b2ea4044a2858cf7b05ce37a_mv2.jpg/v1/fill/w_100,h_150,al_c,q_80,usm_0.66_1.00_0.01,blur_3,enc_auto/DSC_0014.jpg]
[www.cdhat.fr/communication-concertation.html]
[static.wixstatic.com/media/cdef5f_ec11953c8dbf4fa69d7e877629acceb3_mv2.jpg/v1/crop/x_1,y_49,w_1634,h_818/fill/w_536,h_268,al_c,q_80,usm_0.66_1.00_0.01,enc_auto/CDHAT_StSever6_JPG.jpg]
[www.cdhat.fr/faq.html]
[static.wixstatic.com/media/aee88b_1cd413cf2f0947f8a47b61bb97a0ff63_mv2.jpg/v1/crop/x_59,y_0,w_382,h_335/fill/w_327,h_287,al_c,q_80,usm_0.66_1.00_0.01,enc_auto/DSC_0005.jpg]
[static.wixstatic.com/media/aee88b_fba7fc7245b1439eb7556f9fb0c89f23_mv2.jpg/v1/crop/x_51,y_0,w_398,h_375/fill/w_82,h_77,al_c,q_80,usm_0.66_1.00_0.01,blur_2,enc_auto/Kisa8.jpg]
[www.cdhat.fr/particuliers.html]
[static.wixstatic.com/media/aee88b_02352b2ba6094d038401ae99522129bc_mv2.jpg/v1/crop/x_20,y_0,w_260,h_215/fill/w_327,h_270,al_c,lg_1,q_80,enc_auto/20181130_183124.jpg]
[static.wixstatic.com/media/cdef5f_1c73f2636fdb4d82a2598822c0b07a14_mv2.jpg/v1/crop/x_0,y_32,w_1024,h_705/fill/w_327,h_225,al_c,q_80,usm_0.66_1.00_0.01,enc_auto/DSC05984_JPG.jpg]
[static.wixstatic.com/media/cdef5f_55e43a8ac0e54ff798a3d8e6fc69b485_mv2.jpg/v1/crop/x_420,y_0,w_600,h_504/fill/w_82,h_69,al_c,q_80,usm_0.66_1.00_0.01,blur_2,enc_auto/GEDC0324_JPG.jpg]
[static.wixstatic.com/media/aee88b_6931039b98ce426fa8326ba5af66d329_mv2.jpg/v1/fill/w_53,h_37,al_c,q_80,usm_0.66_1.00_0.01,blur_2,enc_auto/Ilot5_2.jpg]
[static.wixstatic.com/media/aee88b_04cad128e56b4d4c97d4894952babb53_mv2.jpg/v1/crop/x_42,y_0,w_316,h_300/fill/w_82,h_78,al_c,q_80,usm_0.66_1.00_0.01,blur_2,enc_auto/20180725_153153.jpg]
[www.cdhat.fr/_files/ugd/Plaquette_copropriete.pdf_; filename_=UTF-8''Plaquette_copropriete.pdf]
[static.wixstatic.com/media/cdef5f_fc23811a5dea46d4bb9616e8b3d9a760_mv2.jpg/v1/fill/w_141,h_203,al_c,q_80,usm_0.66_1.00_0.01,blur_3,enc_auto/PlaqCopro_Couv_JPG.jpg]
[static.wixstatic.com/media/cdef5f_fc175fba9c6f454ba26346bf6c65c91c_mv2.png/v1/fill/w_114,h_161,al_c,q_85,usm_0.66_1.00_0.01,blur_3,enc_auto/Logo_HM-copropriete.png]
[static.wixstatic.com/media/aee88b_b7a6dcc53ffc4b859c01421dd557c502_mv2.jpg/v1/crop/x_0,y_0,w_400,h_453/fill/w_83,h_93,al_c,q_80,usm_0.66_1.00_0.01,blur_2,enc_auto/DSC_0069.jpg]
[www.cdhat.fr/coproprietes.html]
[static.wixstatic.com/media/aee88b_043e44cfa2fe4532ad48797a8f7d4274_mv2.jpg/v1/crop/x_213,y_0,w_370,h_400/fill/w_353,h_382,al_c,q_80,usm_0.66_1.00_0.01,enc_auto/Bar-Lynd-plan7.jpg]
[static.wixstatic.com/media/aee88b_6a6372c1c1904653a70e515def24f4a7_mv2.jpg/v1/crop/x_109,y_0,w_418,h_400/fill/w_327,h_313,al_c,q_80,usm_0.66_1.00_0.01,enc_auto/12_3_Le Tôt.jpg]
[www.cdhat.fr/expertises-techniques.html]
[static.wixstatic.com/media/aee88b_d3ccf1914fc94f148264a5cd54fcd21c_mv2.jpg/v1/fill/w_80,h_53,al_c,q_80,usm_0.66_1.00_0.01,blur_2,enc_auto/aee88b_d3ccf1914fc94f148264a5cd54fcd21c_mv2.jpg]
[static.wixstatic.com/media/cdef5f_6ca69ac5669c4d53a5b749445629fda9_mv2.png/v1/fill/w_179,h_152,al_c,q_85,usm_0.66_1.00_0.01,enc_auto/carte_basse_normandie.png]
[static.wixstatic.com/media/cdef5f_d36812fe0f5e46caa98fc95f052b4e40_mv2.jpg/v1/fill/w_77,h_95,al_c,q_80,usm_0.66_1.00_0.01,blur_2,enc_auto/OPAH_Bayeux.jpg]
[www.cdhat.fr/operation-amelioration-habitat-bayeux-intercom.html]
[static.wixstatic.com/media/aee88b_c02a0010a48845e5a7849d02e03f73f7_mv2.jpg/v1/fill/w_77,h_95,al_c,q_80,usm_0.66_1.00_0.01,blur_2,enc_auto/JH_Vire_Noireau.jpg]
[www.cdhat.fr/operation-amelioration-habitat-intercom-vire-au-noireau.html]
[static.wixstatic.com/media/cdef5f_3a458d871b574f7ebfcfaf41941d2ca3_mv2.jpg/v1/fill/w_77,h_95,al_c,q_80,usm_0.66_1.00_0.01,blur_2,enc_auto/PIG_Caen_la_Mer.jpg]
[www.cdhat.fr/programme-interet-general-caen-la-mer.html]
[static.wixstatic.com/media/cdef5f_32063f5284e9484abe92ac188f877c31_mv2.jpg/v1/fill/w_77,h_95,al_c,q_80,usm_0.66_1.00_0.01,blur_2,enc_auto/PIG_14.jpg]
[www.cdhat.fr/programme-interet-general-calvados.html]
[static.wixstatic.com/media/cdef5f_318ea51df0914d8782109a9e8a7031df_mv2.jpg/v1/fill/w_77,h_95,al_c,q_80,usm_0.66_1.00_0.01,blur_2,enc_auto/OPAH_Vire_Normandie.jpg]
[www.cdhat.fr/operation-amelioration-habitat-vire-normandie.html]
[static.wixstatic.com/media/cdef5f_6ca69ac5669c4d53a5b749445629fda9_mv2.png/v1/fill/w_175,h_152,al_c,q_85,usm_0.66_1.00_0.01,blur_3,enc_auto/carte_basse_normandie.png]
[static.wixstatic.com/media/cdef5f_6ad4e961b9474f07a12e8076af1f70d8_mv2.jpg/v1/fill/w_76,h_94,al_c,q_80,usm_0.66_1.00_0.01,blur_2,enc_auto/OPAH_Baie_Cotentin.jpg]
[www.cdhat.fr/operation-amelioration-habitat-baie-cotentin.html]
[static.wixstatic.com/media/cdef5f_2604a427ee2543c79b0637b36eb81f68_mv2.jpg/v1/fill/w_76,h_94,al_c,q_80,usm_0.66_1.00_0.01,blur_2,enc_auto/OPAH_Saint_Lo_Agglo.jpg]
[www.cdhat.fr/operation-amelioration-habitat-saint-lo-agglo.html]
[static.wixstatic.com/media/cdef5f_dadf5bcd7a0e453ea067857237b095c0_mv2.jpg/v1/fill/w_76,h_94,al_c,q_80,usm_0.66_1.00_0.01,blur_2,enc_auto/PIG_Manche.jpg]
[www.cdhat.fr/programme-interet-general-manche.html]
[static.wixstatic.com/media/aee88b_1af6b6682dc44fefb14edd05cbd05021_mv2.jpg/v1/fill/w_76,h_94,al_c,q_80,usm_0.66_1.00_0.01,blur_2,enc_auto/OPAH_Argentan.jpg]
[www.cdhat.fr/operation-amelioration-habitat-terres-argentan.html]
[static.wixstatic.com/media/cdef5f_d92b90fdbe6442b8aa437940d3d8a7c1_mv2.jpg/v1/fill/w_76,h_94,al_c,q_80,usm_0.66_1.00_0.01,blur_2,enc_auto/OPAH_Domfront.jpg]
[www.cdhat.fr/operation-amelioration-habitat-domfront-tinchebray-andaine.html]
[static.wixstatic.com/media/cdef5f_c404110176ae4c36a35b06afa892cf7c_mv2.jpg/v1/fill/w_76,h_94,al_c,q_80,usm_0.66_1.00_0.01,blur_2,enc_auto/OPAH_Flers.jpg]
[www.cdhat.fr/operation-amelioration-habitat-flers-agglo.html]
[static.wixstatic.com/media/cdef5f_bbb14ae336e34e9cad9dd61b7f34cdc6_mv2.jpg/v1/fill/w_76,h_94,al_c,q_80,usm_0.66_1.00_0.01,blur_2,enc_auto/OPAH_Sources_Orne.jpg]
[www.cdhat.fr/permanences-amelioration-habitat-sources-orne.html]
[static.wixstatic.com/media/cdef5f_4e425142c2e348f0a65acc11133490e3_mv2.jpg/v1/fill/w_76,h_94,al_c,q_80,usm_0.66_1.00_0.01,blur_2,enc_auto/OPAH_ru_Flers.jpg]
[www.cdhat.fr/operation-amelioration-habitat-renouvellement-urbain-flers-agglo.html]
[static.wixstatic.com/media/cdef5f_05aee9a3a72142dbbad0b71d551549d5_mv2.jpg/v1/fill/w_76,h_94,al_c,q_80,usm_0.66_1.00_0.01,blur_2,enc_auto/OPAH_Val_Orne.jpg]
[www.cdhat.fr/operations-normandie.html]
[www.cdhat.fr/permanences-amelioration-habitat-val-orne.html]
[static.wixstatic.com/media/aee88b_7ceb20bb570d444d9efe42a90aac444b_mv2.jpg/v1/fill/w_80,h_119,al_c,q_80,usm_0.66_1.00_0.01,blur_2,enc_auto/aee88b_7ceb20bb570d444d9efe42a90aac444b_mv2.jpg]
[static.wixstatic.com/media/cdef5f_c518395cc57e478898d1067f07e3fb7b_mv2.png/v1/fill/w_256,h_136,al_c,q_85,usm_0.66_1.00_0.01,enc_auto/carte-bleu.png]
[www.cdhat.fr/permanences-amelioration-habitat-montfort-communaute.html]
[static.wixstatic.com/media/cdef5f_fb516c5e7a2043a28179ab9f0edef38d_mv2.jpg/v1/fill/w_77,h_95,al_c,q_80,usm_0.66_1.00_0.01,blur_2,enc_auto/PIG_Rennes.jpg]
[www.cdhat.fr/programme-interet-general-rennes-metropole.html]
[static.wixstatic.com/media/cdef5f_8f627a41a2ca480cb8e35003570292b1_mv2.jpg/v1/fill/w_77,h_95,al_c,q_80,usm_0.66_1.00_0.01,blur_2,enc_auto/MOUS_35.jpg]
[www.cdhat.fr/mous-ille-vilaine.html]
[static.wixstatic.com/media/cdef5f_c518395cc57e478898d1067f07e3fb7b_mv2.png/v1/fill/w_60,h_34,al_c,q_85,usm_0.66_1.00_0.01,blur_2,enc_auto/carte-bleu.png]
[static.wixstatic.com/media/cdef5f_d251ff1cf4944401994f0f39b2a91dec_mv2.jpg/v1/fill/w_77,h_95,al_c,q_80,usm_0.66_1.00_0.01,blur_2,enc_auto/PIG_LHI_22.jpg]
[www.cdhat.fr/programme-interet-general-habitat-indigne-cotes-armor.html]
[static.wixstatic.com/media/cdef5f_7e34b0cbcef2447bb78dfcabb11aac2d_mv2.jpg/v1/fill/w_77,h_95,al_c,q_80,usm_0.66_1.00_0.01,blur_2,enc_auto/PIG_Lannion.jpg]
[www.cdhat.fr/programme-interet-general-lannion-tregor-communaute.html]
[static.wixstatic.com/media/cdef5f_ab9f55273aae4da998f23b593b685049_mv2.jpg/v1/fill/w_77,h_95,al_c,q_80,usm_0.66_1.00_0.01,blur_2,enc_auto/OPAH_Pontivy.jpg]
[www.cdhat.fr/operation-amelioration-habitat-pontivy-communaute.html]
[static.wixstatic.com/media/cdef5f_15e1d524dc2f4e36ba5da5333c832f32_mv2.jpg/v1/fill/w_77,h_95,al_c,q_80,usm_0.66_1.00_0.01,blur_2,enc_auto/PIG LHI_56.jpg]
[www.cdhat.fr/operations-bretagne.html]
[www.cdhat.fr/programme-interet-general-morbihan.html]
[static.wixstatic.com/media/aee88b_3b3ce041e8fe4c35ad7f985e70ee365c_mv2.jpg/v1/fill/w_147,h_110,al_c,q_80,usm_0.66_1.00_0.01,blur_2,enc_auto/aee88b_3b3ce041e8fe4c35ad7f985e70ee365c_mv2.jpg]
[static.wixstatic.com/media/aee88b_b281101e8618439f8730a99a1e571bc0_mv2.jpg/v1/fill/w_100,h_67,al_c,q_80,usm_0.66_1.00_0.01,blur_2,enc_auto/aee88b_b281101e8618439f8730a99a1e571bc0_mv2.jpg]
[static.wixstatic.com/media/aee88b_2434de282d3941b192aca8d4cd016074_mv2.jpg/v1/fill/w_75,h_56,al_c,q_80,usm_0.66_1.00_0.01,blur_2,enc_auto/aee88b_2434de282d3941b192aca8d4cd016074_mv2.jpg]
[static.wixstatic.com/media/aee88b_9b476df99f314ac0bcee76d480080280_mv2.jpg/v1/fill/w_75,h_56,al_c,q_80,usm_0.66_1.00_0.01,blur_2,enc_auto/aee88b_9b476df99f314ac0bcee76d480080280_mv2.jpg]
[static.wixstatic.com/media/aee88b_cc1a76c812c143bb93e2980184d70dbc_mv2.jpg/v1/fill/w_100,h_63,al_c,q_80,usm_0.66_1.00_0.01,blur_2,enc_auto/aee88b_cc1a76c812c143bb93e2980184d70dbc_mv2.jpg]
[static.wixstatic.com/media/aee88b_9f637deed5c6463e9405de27a7c44ee7_mv2.jpg/v1/fill/w_75,h_56,al_c,q_80,usm_0.66_1.00_0.01,blur_2,enc_auto/aee88b_9f637deed5c6463e9405de27a7c44ee7_mv2.jpg]
[static.wixstatic.com/media/aee88b_639177059e604c4c993456d2ed0b9653_mv2.jpg/v1/fill/w_75,h_56,al_c,q_80,usm_0.66_1.00_0.01,blur_2,enc_auto/aee88b_639177059e604c4c993456d2ed0b9653_mv2.jpg]
[static.wixstatic.com/media/aee88b_ed3c49e6db7945f181233ff04778c622_mv2.jpg/v1/fill/w_147,h_98,al_c,q_80,usm_0.66_1.00_0.01,blur_2,enc_auto/aee88b_ed3c49e6db7945f181233ff04778c622_mv2.jpg]
[www.cdhat.fr/references-etudes-opah.html]
[static.wixstatic.com/media/aee88b_ef2b8631de534bed90eb4491dc6ab5c8_mv2.jpg/v1/fill/w_100,h_56,al_c,q_80,usm_0.66_1.00_0.01,blur_2,enc_auto/aee88b_ef2b8631de534bed90eb4491dc6ab5c8_mv2.jpg]
[static.wixstatic.com/media/aee88b_d674d5e10a3d4e3f93005fe51a23d6e5_mv2.jpg/v1/fill/w_100,h_75,al_c,q_80,usm_0.66_1.00_0.01,blur_2,enc_auto/aee88b_d674d5e10a3d4e3f93005fe51a23d6e5_mv2.jpg]
[static.wixstatic.com/media/aee88b_96fc4d72f2084dbab4a03a007e4e378a_mv2.jpg/v1/fill/w_100,h_67,al_c,q_80,usm_0.66_1.00_0.01,blur_2,enc_auto/aee88b_96fc4d72f2084dbab4a03a007e4e378a_mv2.jpg]
[static.wixstatic.com/media/aee88b_90d9bd5640d34b80a7a67eddf4e553cb_mv2.jpg/v1/fill/w_100,h_73,al_c,q_80,usm_0.66_1.00_0.01,blur_2,enc_auto/aee88b_90d9bd5640d34b80a7a67eddf4e553cb_mv2.jpg]
[static.wixstatic.com/media/aee88b_5daa9b436e6346daac150bf8dd3ab0a2_mv2.jpg/v1/fill/w_147,h_110,al_c,q_80,usm_0.66_1.00_0.01,blur_2,enc_auto/aee88b_5daa9b436e6346daac150bf8dd3ab0a2_mv2.jpg]
[static.wixstatic.com/media/aee88b_ed43dc67358042d98f25be49c75fa737_mv2.jpg/v1/fill/w_100,h_73,al_c,q_80,usm_0.66_1.00_0.01,blur_2,enc_auto/aee88b_ed43dc67358042d98f25be49c75fa737_mv2.jpg]
[static.wixstatic.com/media/aee88b_c2b2292879304c499e8a29ed58876e01_mv2.jpg/v1/fill/w_100,h_75,al_c,q_80,usm_0.66_1.00_0.01,blur_2,enc_auto/aee88b_c2b2292879304c499e8a29ed58876e01_mv2.jpg]
[static.wixstatic.com/media/aee88b_6e5fdb95f5f74a1689ba75ebfba3b75f_mv2.jpg/v1/fill/w_100,h_73,al_c,q_80,usm_0.66_1.00_0.01,blur_2,enc_auto/aee88b_6e5fdb95f5f74a1689ba75ebfba3b75f_mv2.jpg]
[www.cdhat.fr/references-animation-opah-pig.html]
[static.wixstatic.com/media/aee88b_58fafbb3dac244fe9496c998513e27cd_mv2.jpg/v1/fill/w_100,h_75,al_c,q_80,usm_0.66_1.00_0.01,blur_2,enc_auto/aee88b_58fafbb3dac244fe9496c998513e27cd_mv2.jpg]
[static.wixstatic.com/media/cdef5f_5cc86d9dc6a9446a8df14584a7b17f32_mv2.jpg/v1/fill/w_152,h_107,al_c,q_80,usm_0.66_1.00_0.01,blur_2,enc_auto/cdef5f_5cc86d9dc6a9446a8df14584a7b17f32_mv2.jpg]
[static.wixstatic.com/media/aee88b_9205455b38d948af820a2fdccce344ad_mv2.jpg/v1/fill/w_100,h_67,al_c,q_80,usm_0.66_1.00_0.01,blur_2,enc_auto/aee88b_9205455b38d948af820a2fdccce344ad_mv2.jpg]
[static.wixstatic.com/media/aee88b_95b28e2d9a3147afa9c585c469772c98_mv2.jpg/v1/fill/w_100,h_67,al_c,q_80,usm_0.66_1.00_0.01,blur_2,enc_auto/aee88b_95b28e2d9a3147afa9c585c469772c98_mv2.jpg]
[static.wixstatic.com/media/aee88b_4021371b9ff14d3a82152c3f3f75fca1_mv2.jpg/v1/fill/w_147,h_104,al_c,q_80,usm_0.66_1.00_0.01,blur_2,enc_auto/aee88b_4021371b9ff14d3a82152c3f3f75fca1_mv2.jpg]
[static.wixstatic.com/media/aee88b_f2800cd2168c41efbdcfe86c2aeeb19d_mv2.jpg/v1/fill/w_100,h_75,al_c,q_80,usm_0.66_1.00_0.01,blur_2,enc_auto/aee88b_f2800cd2168c41efbdcfe86c2aeeb19d_mv2.jpg]
[static.wixstatic.com/media/aee88b_b16d6e0a917348ed8c3f5e21ca366c65_mv2.jpg/v1/fill/w_100,h_75,al_c,q_80,usm_0.66_1.00_0.01,blur_2,enc_auto/aee88b_b16d6e0a917348ed8c3f5e21ca366c65_mv2.jpg]
[static.wixstatic.com/media/aee88b_41212f988b9a48729d695b9dfdb30660_mv2.jpg/v1/fill/w_100,h_69,al_c,q_80,usm_0.66_1.00_0.01,blur_2,enc_auto/aee88b_41212f988b9a48729d695b9dfdb30660_mv2.jpg]
[www.cdhat.fr/references-plh-etude-habitat.html]
[static.wixstatic.com/media/aee88b_173ca09501fe45459dce33919aff51ec_mv2.jpg/v1/fill/w_125,h_94,al_c,q_80,usm_0.66_1.00_0.01,blur_2,enc_auto/aee88b_173ca09501fe45459dce33919aff51ec_mv2.jpg]
[static.wixstatic.com/media/aee88b_f5cb42b3b7ba4f4bbdd9f66b6226fe8d_mv2.jpg/v1/fill/w_100,h_71,al_c,q_80,usm_0.66_1.00_0.01,blur_2,enc_auto/aee88b_f5cb42b3b7ba4f4bbdd9f66b6226fe8d_mv2.jpg]
[static.wixstatic.com/media/aee88b_a851e716384c4c5bb21cf07c9ec5d9ca_mv2.jpg/v1/fill/w_100,h_67,al_c,q_80,usm_0.66_1.00_0.01,blur_2,enc_auto/aee88b_a851e716384c4c5bb21cf07c9ec5d9ca_mv2.jpg]
[static.wixstatic.com/media/aee88b_909af3a985bc4c1fb8316c9fe1353d3d_mv2.jpg/v1/fill/w_100,h_56,al_c,q_80,usm_0.66_1.00_0.01,blur_2,enc_auto/aee88b_909af3a985bc4c1fb8316c9fe1353d3d_mv2.jpg]
[static.wixstatic.com/media/aee88b_aa03ffa3e64540a4adb4950599a4cc71_mv2.jpg/v1/fill/w_100,h_66,al_c,q_80,usm_0.66_1.00_0.01,blur_2,enc_auto/aee88b_aa03ffa3e64540a4adb4950599a4cc71_mv2.jpg]
[static.wixstatic.com/media/aee88b_651911ce4a144bd4adf3c5b059b44e46_mv2.jpg/v1/fill/w_100,h_61,al_c,q_80,usm_0.66_1.00_0.01,blur_2,enc_auto/aee88b_651911ce4a144bd4adf3c5b059b44e46_mv2.jpg]
[static.wixstatic.com/media/aee88b_5daa53ebf99e4bc4b5d5f01adf8da215_mv2.jpg/v1/fill/w_147,h_80,al_c,q_80,usm_0.66_1.00_0.01,blur_2,enc_auto/aee88b_5daa53ebf99e4bc4b5d5f01adf8da215_mv2.jpg]
[static.wixstatic.com/media/aee88b_503f73ea0551430db07c60a1c22c1086_mv2.jpg/v1/fill/w_100,h_49,al_c,q_80,usm_0.66_1.00_0.01,blur_2,enc_auto/aee88b_503f73ea0551430db07c60a1c22c1086_mv2.jpg]
[www.cdhat.fr/references-logements-batiments-communaux.html]
[static.wixstatic.com/media/aee88b_7ab1dbb01cfd493db92b85423bfa9fe5_mv2.jpg/v1/fill/w_100,h_133,al_c,q_80,usm_0.66_1.00_0.01,blur_2,enc_auto/aee88b_7ab1dbb01cfd493db92b85423bfa9fe5_mv2.jpg]
[static.wixstatic.com/media/aee88b_26a266d1e58a47e3a1e71c255eeda823_mv2.jpg/v1/fill/w_100,h_75,al_c,q_80,usm_0.66_1.00_0.01,blur_2,enc_auto/aee88b_26a266d1e58a47e3a1e71c255eeda823_mv2.jpg]
[static.wixstatic.com/media/aee88b_0ceeabd296f047bb92ead1f10add29d2_mv2.jpg/v1/fill/w_100,h_75,al_c,q_80,usm_0.66_1.00_0.01,blur_2,enc_auto/aee88b_0ceeabd296f047bb92ead1f10add29d2_mv2.jpg]
[static.wixstatic.com/media/cdef5f_c0553a7606be45b480796ef376ae17c9_mv2.jpg/v1/fill/w_147,h_110,al_c,q_80,usm_0.66_1.00_0.01,blur_2,enc_auto/cdef5f_c0553a7606be45b480796ef376ae17c9_mv2.jpg]
[static.wixstatic.com/media/cdef5f_8ed2dc30f07543fdb09f4b7d7a1d1826_mv2.jpg/v1/fill/w_147,h_110,al_c,q_80,usm_0.66_1.00_0.01,blur_2,enc_auto/cdef5f_8ed2dc30f07543fdb09f4b7d7a1d1826_mv2.jpg]
[www.cdhat.fr/references-coproprietes.html]
[static.wixstatic.com/media/cdef5f_58f95dcdd9574e8c8844cc3ddf40fb92_mv2_d_2/v1/fill/w_147,h_110,al_c,q_80,usm_0.66_1.00_0.01,blur_2/cdef5f_58f95dcdd9574e8c8844cc3ddf40fb92_mv2_d_2048_1536_s_2.d9.de]
[static.wixstatic.com/media/aee88b_a2eaf24622f4418a8408255ac21ed6b1_mv2.jpg/v1/fill/w_131,h_92,al_c,q_80,usm_0.66_1.00_0.01,blur_2,enc_auto/aee88b_a2eaf24622f4418a8408255ac21ed6b1_mv2.jpg]
[static.wixstatic.com/media/aee88b_dc5759165d304f9ba0fe1a2caae9bcd6_mv2.jpg/v1/fill/w_125,h_94,al_c,q_80,usm_0.66_1.00_0.01,blur_2,enc_auto/aee88b_dc5759165d304f9ba0fe1a2caae9bcd6_mv2.jpg]
[static.wixstatic.com/media/aee88b_fbd536bd8de14666953216560ac353f9_mv2.jpg/v1/fill/w_147,h_83,al_c,q_80,usm_0.66_1.00_0.01,blur_2,enc_auto/aee88b_fbd536bd8de14666953216560ac353f9_mv2.jpg]
[static.wixstatic.com/media/aee88b_51eaf38dc09e4d21b379ae2cc5866345_mv2.jpg/v1/fill/w_147,h_110,al_c,q_80,usm_0.66_1.00_0.01,blur_2,enc_auto/aee88b_51eaf38dc09e4d21b379ae2cc5866345_mv2.jpg]
[static.wixstatic.com/media/aee88b_796ae4817b9545f6af9e421bb4fedee7_mv2.jpg/v1/fill/w_147,h_110,al_c,q_80,usm_0.66_1.00_0.01,blur_2,enc_auto/aee88b_796ae4817b9545f6af9e421bb4fedee7_mv2.jpg]
[static.wixstatic.com/media/aee88b_25309be0f9434c618d39d330d02d72c5_mv2.jpg/v1/fill/w_125,h_94,al_c,q_80,usm_0.66_1.00_0.01,blur_2,enc_auto/aee88b_25309be0f9434c618d39d330d02d72c5_mv2.jpg]
[www.cdhat.fr/references-actions-sociales.html]
[static.wixstatic.com/media/cdef5f_96a97a47939c44dc93a804f9c4ac7770_mv2.jpg/v1/crop/x_0,y_58,w_300,h_186/fill/w_280,h_174,al_c,q_80,usm_0.66_1.00_0.01,enc_auto/minia_anah.jpg]
[static.wixstatic.com/media/cdef5f_709201c69c3e45c6aa2593b890278354_mv2.jpg/v1/crop/x_0,y_77,w_299,h_145/fill/w_280,h_136,al_c,q_80,usm_0.66_1.00_0.01,enc_auto/minia_RegionN.jpg]
[static.wixstatic.com/media/cdef5f_01d209e9cdd34c5aa052c497106a044a_mv2.jpg/v1/crop/x_0,y_84,w_299,h_130/fill/w_280,h_122,al_c,q_80,usm_0.66_1.00_0.01,enc_auto/minia_al.jpg]
[static.wixstatic.com/media/cdef5f_f4c66eb400564365a7dbfb406e9ce9f6_mv2.jpg/v1/crop/x_0,y_57,w_300,h_186/fill/w_280,h_174,al_c,q_80,usm_0.66_1.00_0.01,enc_auto/minia_procivis.jpg]
[static.wixstatic.com/media/cdef5f_8df972ea5ffa4898be2e17ece88e9f3c_mv2.jpg/v1/crop/x_0,y_77,w_300,h_146/fill/w_280,h_136,al_c,q_80,usm_0.66_1.00_0.01,enc_auto/minia_msa.jpg]
[static.wixstatic.com/media/cdef5f_b4d5a4f2bf374184936494412b63cff6_mv2.jpg/v1/crop/x_0,y_66,w_300,h_173/fill/w_280,h_161,al_c,q_80,usm_0.66_1.00_0.01,enc_auto/minia_caf.jpg]
[static.wixstatic.com/media/cdef5f_f921a4d3613a4c5f8beca9cb9c43af61_mv2.jpg/v1/crop/x_0,y_57,w_300,h_186/fill/w_70,h_43,al_c,q_80,usm_0.66_1.00_0.01,blur_2,enc_auto/minia_Carsat.jpg]
[www.cdhat.fr/partenariats-normandie.html]
[static.wixstatic.com/media/cdef5f_f921a4d3613a4c5f8beca9cb9c43af61_mv2.jpg/v1/crop/x_0,y_57,w_300,h_186/fill/w_280,h_174,al_c,q_80,usm_0.66_1.00_0.01,enc_auto/minia_Carsat.jpg]
[static.wixstatic.com/media/cdef5f_5ba803a4f7984714a721dca00be9aee2_mv2.jpg/v1/crop/x_0,y_57,w_300,h_186/fill/w_280,h_174,al_c,q_80,usm_0.66_1.00_0.01,enc_auto/minia_Ifpek.jpg]
[www.cdhat.fr/partenariats-bretagne.html]
[www.cdhat.fr/mentions-legales.html]
[www.cdhat.fr/politique-confidentialite.html]
[static.parastorage.com/services/editor-elements-library/dist/thunderbolt/media/sloppyframe.d2412ec4.png]
[static.wixstatic.com/media/cdef5f_aad7f407bc364fdda1bf18b132b750a1_mv2.png/v1/crop/x_0,y_0,w_474,h_500/fill/w_344,h_356,al_c,q_85,usm_0.66_1.00_0.01,enc_auto/contact.png]
[www.cdhat.fr/contact.html]
[www.cdhat.fr/feed.html]
[www.cdhat.fr/${n.html]
[www.cdhat.fr/decodeURIComponent(e.html]
[www.cdhat.fr/media/emptystate.85a4add5.html]
[static.wixstatic.com/media/cdef5f_3edceb31099e4fd49e3d0719829e917f_mv2.jpg/v1/fill/w_327,h_620,al_c,q_80,usm_0.66_1.00_0.01,enc_auto/FAQ1.jpg]
[www.cdhat.fr/faq.html]
[static.wixstatic.com/media/aee88b_77c938fddf9d416f9ad7de47180bbe68_mv2.jpg/v1/crop/x_182,y_0,w_382,h_500/fill/w_338,h_442,al_c,q_80,usm_0.66_1.00_0.01,enc_auto/DSC_2646.jpg]
[www.cdhat.fr/_files/ugd/Affiche_opah_bayeux_dec2023.pdf_; filename_=UTF-8''Affiche_opah_bayeux_dec2023.pdf]
[static.wixstatic.com/media/aee88b_f181653731574c11a02fcaf79d152d31_mv2.jpg/v1/fill/w_196,h_277,al_c,q_80,usm_0.66_1.00_0.01,blur_3,enc_auto/Affiche_opah_bayeux.jpg]
[www.cdhat.fr/_files/ugd/depliant_opah_Bayeux_dec23.pdf_; filename_=UTF-8''depliant_opah_Bayeux_dec23.pdf]
[static.wixstatic.com/media/aee88b_4fcf307c7e8942f6949b68515266ea2c_mv2.jpg/v1/crop/x_331,y_0,w_164,h_350/fill/w_127,h_271,al_c,q_80,usm_0.66_1.00_0.01,blur_3,enc_auto/depliant_opah_Bayeux.jpg]
[www.cdhat.fr/_files/ugd/livret_opah_BIC_Autonomie_12_2023.pdf_; filename_=UTF-8''livret_opah_BIC_Autonomie_12_2023.pdf]
[www.cdhat.fr/_files/ugd/livret_opah_BIC_copro_12_2023.pdf_; filename_=UTF-8''livret_opah_BIC_copro_12_2023.pdf]
[static.wixstatic.com/media/cdef5f_da83a7646f424ef286a46879ca097e5a_mv2.jpg/v1/crop/x_560,y_0,w_563,h_794/fill/w_142,h_200,al_c,q_80,usm_0.66_1.00_0.01,blur_3/livret_opah_BIC_Autonomie_03_2023.f2.d]
[static.wixstatic.com/media/cdef5f_70eedd85e3a54654a8e4aa8359cb0ee5_mv2.jpg/v1/crop/x_560,y_0,w_563,h_794/fill/w_142,h_200,al_c,q_80,usm_0.66_1.00_0.01,blur_3/livret_opah_BIC_copro_03_2023.f4.delay]
[www.cdhat.fr/_files/ugd/livret_opah_BIC_PB_12_2023.pdf_; filename_=UTF-8''livret_opah_BIC_PB_12_2023.pdf]
[static.wixstatic.com/media/cdef5f_4a491b9d80584631bbaef872db2246f0_mv2.jpg/v1/crop/x_560,y_0,w_563,h_794/fill/w_142,h_200,al_c,q_80,usm_0.66_1.00_0.01,blur_3/livret_opah_BIC_PB_03_2023.jpg]
[www.cdhat.fr/_files/ugd/Renaissance_Bayeux_janv_2023.pdf_; filename_=UTF-8''Renaissance_Bayeux_janv_2023.pdf]
[www.cdhat.fr/_files/ugd/TO_bayeux_janv23.pdf_; filename_=UTF-8''TO_bayeux_janv23.pdf]
[www.cdhat.fr/_files/ugd/Renaissance_Bayeux_mai2022.pdf_; filename_=UTF-8''Renaissance_Bayeux_mai2022.pdf]
[www.cdhat.fr/operation-amelioration-habitat-bayeux-intercom.html]
[static.wixstatic.com/media/aee88b_a21f294c6bef47c0b02a998f7baabc26_mv2.jpg/v1/crop/x_431,y_0,w_585,h_768/fill/w_327,h_429,al_c,q_80,usm_0.66_1.00_0.01,enc_au/42 - Vue d'ensemble du bourg .fa.delay]
[www.cdhat.fr/_files/ugd/Affiche_Vire_Noireau_web.pdf_; filename_=UTF-8''Affiche_Vire_Noireau_web.pdf]
[static.wixstatic.com/media/aee88b_9ec4f88f705a48cab46dba40e6e0d266_mv2.jpg/v1/fill/w_188,h_267,al_c,q_80,usm_0.66_1.00_0.01,enc_auto/Affiche_Vire_Noireau.jpg]
[www.cdhat.fr/_files/ugd/Depliant_Vire_Noireau_web.pdf_; filename_=UTF-8''Depliant_Vire_Noireau_web.pdf]
[static.wixstatic.com/media/aee88b_ec3add22609a417da6218736348bed6f_mv2.jpg/v1/fill/w_188,h_267,al_c,q_80,usm_0.66_1.00_0.01,enc_auto/Depliant_Vire_Noireau.jpg]
[www.cdhat.fr/operation-amelioration-habitat-intercom-vire-au-noireau.html]
[static.wixstatic.com/media/aee88b_074d0cca4f894044b65401c21a9cf279_mv2.jpg/v1/crop/x_212,y_0,w_412,h_699/fill/w_327,h_555,al_c,q_80,usm_0.66_1.00_0.01,enc_auto/Caen_6 copie.jpg]
[www.cdhat.fr/_files/ugd/affiche_PIG_Caen_la_Mer.pdf_; filename_=UTF-8''affiche_PIG_Caen_la_Mer.pdf]
[static.wixstatic.com/media/cdef5f_60110cb0dd2640d0bd0161ff392d4fdd_mv2.jpg/v1/fill/w_197,h_278,al_c,q_80,usm_0.66_1.00_0.01,enc_auto/affiche_PIG_Caen_la_Mer.jpg]
[www.cdhat.fr/programme-interet-general-caen-la-mer.html]
[static.wixstatic.com/media/aee88b_b1d932d3172743fdb25391ec6286a9dc_mv2.jpg/v1/crop/x_239,y_0,w_383,h_500/fill/w_327,h_427,al_c,q_80,usm_0.66_1.00_0.01,enc_auto/IMG_7100.jpg]
[www.cdhat.fr/_files/ugd/Affiche_PIG_A4_min.pdf_; filename_=UTF-8''Affiche_PIG_A4_min.pdf]
[static.wixstatic.com/media/cdef5f_5480087bc15d484a83017838899f1375_mv2.jpg/v1/fill/w_196,h_277,al_c,q_80,usm_0.66_1.00_0.01,blur_3,enc_auto/Affiche_PIG_A4.jpg]
[www.cdhat.fr/_files/ugd/Departement_Flyer_A5_min.pdf_; filename_=UTF-8''Departement_Flyer_A5_min.pdf]
[static.wixstatic.com/media/cdef5f_3e0ec2f5cd5140389b96ae0fd3e1b57c_mv2.jpg/v1/fill/w_196,h_277,al_c,q_80,usm_0.66_1.00_0.01,blur_3,enc_auto/Departement_Flyer_A5-1.jpg]
[www.cdhat.fr/programme-interet-general-calvados.html]
[static.wixstatic.com/media/cdef5f_a8f1d389271e4c15ac3f9b6ef1423843_mv2.jpg/v1/crop/x_385,y_83,w_522,h_685/fill/w_327,h_429,al_c,q_80,usm_0.66_1.00_0.01,enc_auto/DSC01106_JPG.jpg]
[www.cdhat.fr/_files/ugd/affiche_A3_opah_vire_2022.pdf_; filename_=UTF-8''affiche_A3_opah_vire_2022.pdf]
[static.wixstatic.com/media/cdef5f_784baa86b60a43ba96fba5162ef85c4b_mv2.jpg/v1/fill/w_196,h_277,al_c,q_80,usm_0.66_1.00_0.01,blur_3,enc_auto/affiche_A3_opah_vire_2022.jpg]
[www.cdhat.fr/_files/ugd/depliant_opah_vire_Juillet_2023_web.pdf_; filename_=UTF-8''depliant_opah_vire_Juillet_2023_web.pdf]
[static.wixstatic.com/media/cdef5f_4b5ab6679d0d4c2495fb7da0134016e3_mv2.jpg/v1/fill/w_130,h_275,al_c,q_80,usm_0.66_1.00_0.01,blur_3,enc_auto/depliant_opah_vire_nov_2022-1.jpg]
[www.cdhat.fr/_files/ugd/VB_Vire_nov2022.pdf_; filename_=UTF-8''VB_Vire_nov2022.pdf]
[www.cdhat.fr/_files/ugd/VB_Vire_oct2020.pdf_; filename_=UTF-8''VB_Vire_oct2020.pdf]
[www.cdhat.fr/_files/ugd/VB_vire_juillet20.pdf_; filename_=UTF-8''VB_vire_juillet20.pdf]
[www.cdhat.fr/operation-amelioration-habitat-vire-normandie.html]
[static.wixstatic.com/media/aee88b_1943adc810df484197959f4378804aab_mv2.jpg/v1/crop/x_27,y_0,w_465,h_600/fill/w_327,h_422,al_c,q_80,usm_0.66_1.00_0.01,enc_auto/Picauville1.jpg]
[www.cdhat.fr/_files/ugd/affiche_opah_baie_cotentin_2022_web.pdf_; filename_=UTF-8''affiche_opah_baie_cotentin_2022_web.pdf]
[static.wixstatic.com/media/cdef5f_40a498dd8a7d43ff994b9fb7f663fadd_mv2.jpg/v1/fill/w_194,h_274,al_c,q_80,usm_0.66_1.00_0.01,blur_3,enc_auto/affiche_opah_baie_cotentin.jpg]
[www.cdhat.fr/_files/ugd/depliant_opah_baie_cotentin_2022_print.pdf_; filename_=UTF-8''depliant_opah_baie_cotentin_2022_print.pdf]
[static.wixstatic.com/media/cdef5f_5ee8f98b3d4a4420b5ebd496df303bed_mv2.jpg/v1/fill/w_125,h_272,al_c,q_80,usm_0.66_1.00_0.01,blur_3,enc_auto/depliant_opah_baie_cotentin.jpg]
[www.cdhat.fr/_files/ugd/OF_Carentan_Fev2021.pdf_; filename_=UTF-8''OF_Carentan_Fev2021.pdf]
[www.cdhat.fr/_files/ugd/OF_Sainteny_mars2022.pdf_; filename_=UTF-8''OF_Sainteny_mars2022.pdf]
[www.cdhat.fr/operation-amelioration-habitat-baie-cotentin.html]
[static.wixstatic.com/media/cdef5f_5887923cb08d4f8bad9e4fdc393ed897_mv2.jpg/v1/crop/x_428,y_0,w_526,h_683/fill/w_327,h_422,al_c,q_80,usm_0.66_1.00_0.01,enc_auto/DSC_0096_JPG.jpg]
[www.cdhat.fr/_files/ugd/affiche_opah_saint_lo_A3_sept_2023_web.pdf_; filename_=UTF-8''affiche_opah_saint_lo_A3_sept_2023_web.pdf]
[static.wixstatic.com/media/cdef5f_5720e625200440f895e0e62e155b4fe1_mv2.jpg/v1/fill/w_195,h_276,al_c,q_80,usm_0.66_1.00_0.01,blur_3,enc_auto/affiche_opah_saint_lo_A3_2023.jpg]
[www.cdhat.fr/_files/ugd/depliant_opah_saint_lo_oct2023_web.pdf_; filename_=UTF-8''depliant_opah_saint_lo_oct2023_web.pdf]
[static.wixstatic.com/media/cdef5f_0666d3b951c5412fb1a498fb0dadf475_mv2.jpg/v1/crop/x_723,y_0,w_400,h_794/fill/w_133,h_264,al_c,q_80,usm_0.66_1.00_0.01,blur_3/depliant_opah_saint_lo_2023.11a.delaye]
[www.cdhat.fr/_files/ugd/depliant_opah_saint_lo_copro_oct_23_A5_web.pdf_; filename_=UTF-8''depliant_opah_saint_lo_copro_oct_23_A5_web.pdf]
[static.wixstatic.com/media/cdef5f_9c8238fedcdf4a459879145704224154_mv2.jpg/v1/crop/x_1108,y_0,w_559,h_794/fill/w_189,h_268,al_c,q_80,usm_0.66_1.00_0.01,blur_3/depliant_opah_saint_lo_copro_04_2023_]
[www.cdhat.fr/_files/ugd/OF_Saint_Lo_juin_2023.pdf_; filename_=UTF-8''OF_Saint_Lo_juin_2023.pdf]
[www.cdhat.fr/_files/ugd/OF_Troigots_mars2022.pdf_; filename_=UTF-8''OF_Troigots_mars2022.pdf]
[www.cdhat.fr/_files/ugd/OF_Conde_oct2020.pdf_; filename_=UTF-8''OF_Conde_oct2020.pdf]
[www.cdhat.fr/_files/ugd/OF_Saint_lo_oct20.pdf_; filename_=UTF-8''OF_Saint_lo_oct20.pdf]
[www.cdhat.fr/operation-amelioration-habitat-saint-lo-agglo.html]
[static.wixstatic.com/media/cdef5f_bf7bb348461d4bbe8f0949b557c664ff_mv2.jpg/v1/crop/x_0,y_16,w_750,h_968/fill/w_327,h_422,al_c,q_80,usm_0.66_1.00_0.01,enc_au/GalmelPaulette_LeGeorget50200Cambernon]
[www.cdhat.fr/_files/ugd/carte_PIG_Permanences_octobre_2023_def.pdf_; filename_=UTF-8''carte_PIG_Permanences_octobre_2023_def.pdf]
[www.cdhat.fr/_files/ugd/Affiche_PIG_Manche_2022_web.pdf_; filename_=UTF-8''Affiche_PIG_Manche_2022_web.pdf]
[static.wixstatic.com/media/cdef5f_1632c1355d684b3fbccaf9d5ccf3a5bd_mv2.jpg/v1/fill/w_194,h_276,al_c,q_80,usm_0.66_1.00_0.01,enc_auto/Affiche_PIG_Manche_web.jpg]
[www.cdhat.fr/_files/ugd/ExempleAutonomie.pdf_; filename_=UTF-8''ExempleAutonomie.pdf]
[static.wixstatic.com/media/cdef5f_59cf1d041f7344ebb3732b1f809a22d8_mv2.jpg/v1/fill/w_196,h_277,al_c,q_80,usm_0.66_1.00_0.01,blur_3,enc_auto/ExempleAutonomie-1.jpg]
[www.cdhat.fr/_files/ugd/depliant_PIG_Manche_2022_web.pdf_; filename_=UTF-8''depliant_PIG_Manche_2022_web.pdf]
[static.wixstatic.com/media/cdef5f_636ad378cac449c28ff9c389bf2da176_mv2.jpg/v1/fill/w_194,h_276,al_c,q_80,usm_0.66_1.00_0.01,enc_auto/depliant_PIG_Manche_web-1.jpg]
[www.cdhat.fr/_files/ugd/ExempleEnergie.pdf_; filename_=UTF-8''ExempleEnergie.pdf]
[static.wixstatic.com/media/cdef5f_439deb412c4a4254af3a5c2e511076af_mv2.jpg/v1/fill/w_196,h_277,al_c,q_80,usm_0.66_1.00_0.01,blur_3,enc_auto/ExempleEnergie.jpg]
[www.cdhat.fr/programme-interet-general-manche.html]
[static.wixstatic.com/media/aee88b_7d436ecf42ea4d6f8b57dfc27f82095f_mv2.jpg/v1/crop/x_0,y_3,w_375,h_494/fill/w_327,h_431,al_c,q_80,usm_0.66_1.00_0.01,enc_auto/20210521_105403.jpg]
[www.cdhat.fr/_files/ugd/affiche_opah_argentan_2024_web.pdf_; filename_=UTF-8''affiche_opah_argentan_2024_web.pdf]
[static.wixstatic.com/media/aee88b_bb656ace2b574d4da027b332ce2828f6_mv2.jpg/v1/fill/w_186,h_263,al_c,q_80,usm_0.66_1.00_0.01,blur_3,enc_auto/affiche_opah_argentan_2024.jpg]
[www.cdhat.fr/_files/ugd/dep_opah_argentan_2024_web.pdf_; filename_=UTF-8''dep_opah_argentan_2024_web.pdf]
[static.wixstatic.com/media/aee88b_be382d746e5d47d4ae068efda780e026_mv2.jpg/v1/crop/x_749,y_0,w_374,h_794/fill/w_124,h_263,al_c,q_80,usm_0.66_1.00_0.01,blur_3,enc_auto/dep_opah_argentan_2024.jpg]
[www.cdhat.fr/_files/ugd/TO_Argentan_oct2021.pdf_; filename_=UTF-8''TO_Argentan_oct2021.pdf]
[www.cdhat.fr/_files/ugd/OF_Argentan_oct2021.pdf_; filename_=UTF-8''OF_Argentan_oct2021.pdf]
[www.cdhat.fr/operation-amelioration-habitat-terres-argentan.html]
[static.wixstatic.com/media/aee88b_3851c323b19843db8951bfe3c526ca92_mv2.jpg/v1/crop/x_201,y_0,w_419,h_550/fill/w_327,h_429,al_c,q_80,usm_0.66_1.00_0.01,enc_auto/DSC_0005_1.jpg]
[www.cdhat.fr/_files/ugd/affiche_opah_Domfront_web.pdf_; filename_=UTF-8''affiche_opah_Domfront_web.pdf]
[static.wixstatic.com/media/aee88b_a83d1067ba49418db51ef7d9e6f05b9b_mv2.jpg/v1/fill/w_194,h_276,al_c,q_80,usm_0.66_1.00_0.01,enc_auto/affiche_opah_Domfront.jpg]
[www.cdhat.fr/_files/ugd/depliant_opah_Domfront_web.pdf_; filename_=UTF-8''depliant_opah_Domfront_web.pdf]
[static.wixstatic.com/media/aee88b_2b6d690924df4de58c11a979bf899d6f_mv2.jpg/v1/crop/x_743,y_0,w_380,h_794/fill/w_126,h_272,al_c,q_80,usm_0.66_1.00_0.01,enc_auto/depliant_opah_Domfront.jpg]
[www.cdhat.fr/operation-amelioration-habitat-domfront-tinchebray-andaine.html]
[static.wixstatic.com/media/aee88b_1c16842d01954ffdb497ff78510f65cb_mv2.jpg/v1/crop/x_243,y_0,w_379,h_500/fill/w_327,h_431,al_c,q_80,usm_0.66_1.00_0.01,enc_auto/DSC_0009.jpg]
[www.cdhat.fr/_files/ugd/affiche_A4_2022_web.pdf_; filename_=UTF-8''affiche_A4_2022_web.pdf]
[static.wixstatic.com/media/cdef5f_e731c8469f4640f99c84335b584a4467_mv2.jpg/v1/fill/w_194,h_276,al_c,q_80,usm_0.66_1.00_0.01,enc_auto/affiche_A4_2022_web.jpg]
[www.cdhat.fr/_files/ugd/depliant_flers_avril2023_web.pdf_; filename_=UTF-8''depliant_flers_avril2023_web.pdf]
[static.wixstatic.com/media/cdef5f_78e39787eac349718b6c682f9deba29f_mv2.jpg/v1/crop/x_0,y_2,w_284,h_593/fill/w_126,h_272,al_c,q_80,usm_0.66_1.00_0.01,enc_auto/depliant_flers_2022_web-1.jpg]
[www.cdhat.fr/_files/ugd/OC_Flers_mai2021.pdf_; filename_=UTF-8''OC_Flers_mai2021.pdf]
[www.cdhat.fr/_files/ugd/OF_Flers_mai2021.pdf_; filename_=UTF-8''OF_Flers_mai2021.pdf]
[www.cdhat.fr/_files/ugd/OC_Flers_Juin_2022.pdf_; filename_=UTF-8''OC_Flers_Juin_2022.pdf]
[www.cdhat.fr/operation-amelioration-habitat-flers-agglo.html]
[static.wixstatic.com/media/aee88b_6e42be862ead4ae2aab98538e7a78151_mv2.jpg/v1/crop/x_259,y_0,w_418,h_550/fill/w_327,h_430,al_c,q_80,usm_0.66_1.00_0.01,enc_auto/DSC_0093.jpg]
[www.cdhat.fr/permanences-amelioration-habitat-sources-orne.html]
[static.wixstatic.com/media/aee88b_c6df9cd5c7de42e8942c3946c8a9ff6a_mv2.jpg/v1/crop/x_363,y_0,w_380,h_500/fill/w_327,h_430,al_c,q_80,usm_0.66_1.00_0.01,enc_auto/IMG_0042_R.jpg]
[www.cdhat.fr/_files/ugd/Aff_OPAHRU_mars2021_web.pdf_; filename_=UTF-8''Aff_OPAHRU_mars2021_web.pdf]
[static.wixstatic.com/media/aee88b_dacf6faf0d2946bf92ec9f160144a7e1_mv2.jpg/v1/fill/w_183,h_276,al_c,q_80,usm_0.66_1.00_0.01,enc_auto/Aff_OPAHRU_mars2021_web.jpg]
[www.cdhat.fr/_files/ugd/Dep_OPAHRU_def_web.pdf_; filename_=UTF-8''Dep_OPAHRU_def_web.pdf]
[static.wixstatic.com/media/cdef5f_009e8a2980c24d23be3b59b1fbf6a7bb_mv2.jpg/v1/crop/x_0,y_0,w_876,h_1191/fill/w_200,h_272,al_c,q_80,usm_0.66_1.00_0.01,enc_auto/Dep_OPAHRU_def_web-1.jpg]
[www.cdhat.fr/_files/ugd/OC_Flers_Avril2023.pdf_; filename_=UTF-8''OC_Flers_Avril2023.pdf]
[www.cdhat.fr/_files/ugd/OC_Flers_oct2022.pdf_; filename_=UTF-8''OC_Flers_oct2022.pdf]
[www.cdhat.fr/_files/ugd/OC_Flers_dec2021.pdf_; filename_=UTF-8''OC_Flers_dec2021.pdf]
[www.cdhat.fr/_files/ugd/OC_Flers_juil2021.pdf_; filename_=UTF-8''OC_Flers_juil2021.pdf]
[www.cdhat.fr/operation-amelioration-habitat-renouvellement-urbain-flers-agglo.html]
[static.wixstatic.com/media/aee88b_8234f0d91bc24679a6f57a1b41d5a8fc_mv2.jpg/v1/crop/x_267,y_0,w_383,h_500/fill/w_327,h_427,al_c,q_80,usm_0.66_1.00_0.01,enc_auto/Putanges2.jpg]
[www.cdhat.fr/permanences-amelioration-habitat-val-orne.html]
[static.wixstatic.com/media/cdef5f_113670e99cf04793b71f69bf7f2be50b_mv2_d_1600_1200_s_2.jpg/v1/crop/x_247,y_0,w_911,h_1200/fill/w_327,h_431,al_c,q_80,usm_0.66_1.00_0.01,enc_auto/150108 016.jpg]
[www.cdhat.fr/_files/ugd/flyer-AideTravaux.pdf_; filename_=UTF-8''flyer-AideTravaux.pdf]
[static.wixstatic.com/media/cdef5f_31cd3c02a19548cabeb7721c123529fa_mv2.jpg/v1/crop/x_11,y_0,w_569,h_1181/fill/w_127,h_272,al_c,q_80,usm_0.66_1.00_0.01,enc_auto/flyer-AideTravaux-1.jpg]
[www.cdhat.fr/permanences-amelioration-habitat-montfort-communaute.html]
[static.wixstatic.com/media/cdef5f_e15b03b25cda425e9ce5533a597a81b8_mv2.jpg/v1/crop/x_377,y_0,w_586,h_768/fill/w_327,h_428,al_c,q_80,usm_0.66_1.00_0.01,enc_auto/GEDC1833_JPG.jpg]
[www.cdhat.fr/_files/ugd/Flyer_PIG_juin2023_web.pdf_; filename_=UTF-8''Flyer_PIG_juin2023_web.pdf]
[static.wixstatic.com/media/cdef5f_aa90607a8e454743ac84ed339dbf14f6_mv2.jpg/v1/fill/w_193,h_278,al_c,q_80,usm_0.66_1.00_0.01,enc_auto/Flyer_PIG_juin2023_web couverture.jpg]
[www.cdhat.fr/programme-interet-general-rennes-metropole.html]
[static.wixstatic.com/media/aee88b_2b2a30dcb36141c298e363c534b95ffd_mv2.jpg/v1/crop/x_164,y_0,w_345,h_450/fill/w_327,h_427,al_c,q_80,usm_0.66_1.00_0.01,enc_auto/Shakehands2.jpg]
[www.cdhat.fr/mous-ille-vilaine.html]
[static.wixstatic.com/media/cdef5f_0ed7ada72279409c9b980025ecc30fae_mv2.jpg/v1/crop/x_0,y_133,w_576,h_757/fill/w_327,h_430,al_c,q_80,usm_0.66_1.00_0.01,enc_auto/04-12-19 542.jpg]
[www.cdhat.fr/programme-interet-general-habitat-indigne-cotes-armor.html]
[static.wixstatic.com/media/cdef5f_a6291dedc0c54847a4d8902f58b3aaf3_mv2.jpg/v1/crop/x_0,y_0,w_689,h_903/fill/w_327,h_428,al_c,q_80,usm_0.66_1.00_0.01,enc_auto/rue_JPG.jpg]
[www.cdhat.fr/programme-interet-general-lannion-tregor-communaute.html]
[static.wixstatic.com/media/cdef5f_72604509655d4e9e8f1b615ba3a9dd62_mv2.jpg/v1/crop/x_425,y_0,w_584,h_768/fill/w_327,h_430,al_c,q_80,usm_0.66_1.00_0.01,enc_auto/DSCN0499_JPG.jpg]
[www.cdhat.fr/_files/ugd/Telegramme_Pontivy_juin2023.pdf_; filename_=UTF-8''Telegramme_Pontivy_juin2023.pdf]
[www.cdhat.fr/_files/ugd/Telegramme_Pontivy_dec22.pdf_; filename_=UTF-8''Telegramme_Pontivy_dec22.pdf]
[www.cdhat.fr/_files/ugd/PJ_Pontivy_juil2021.pdf_; filename_=UTF-8''PJ_Pontivy_juil2021.pdf]
[www.cdhat.fr/_files/ugd/pontivy_actu_janv2021.pdf_; filename_=UTF-8''pontivy_actu_janv2021.pdf]
[www.cdhat.fr/operation-amelioration-habitat-pontivy-communaute.html]
[static.wixstatic.com/media/cdef5f_6e6e91eb1c8f4f03ab270e44e6e83b3e_mv2.jpg/v1/crop/x_0,y_5,w_576,h_757/fill/w_327,h_430,al_c,q_80,usm_0.66_1.00_0.01,enc_auto/20220922_114651.jpg]
[www.cdhat.fr/programme-interet-general-morbihan.html]
